<?xml version="1.0" encoding="UTF-8"?>
<!-- Generated by org.testng.reporters.JUnitXMLReporter -->
<testsuite ignored="0" hostname="mariammalsubramanianmoneyviewin.local" failures="0" tests="3" name="PlayWrightDemo" time="18.87" errors="0" timestamp="2022-11-24T17:06:07 IST">
  <testcase classname="com.qa.opencart.tests.HomePageTest" name="homePageTitleTest" time="0.045"/>
  <testcase classname="com.qa.opencart.tests.HomePageTest" name="homePageUrlTest" time="0.005"/>
  <testcase classname="com.qa.opencart.tests.HomePageTest" name="searchTest" time="1.283"/>
</testsuite> <!-- PlayWrightDemo -->
