<?xml version="1.0" encoding="UTF-8"?>
<testng-results ignored="0" total="3" passed="3" failed="0" skipped="0">
  <reporter-output>
  </reporter-output>
  <suite started-at="2022-11-24T17:05:43 IST" name="Default Suite" finished-at="2022-11-24T17:06:02 IST" duration-ms="18870">
    <groups>
    </groups>
    <test started-at="2022-11-24T17:05:43 IST" name="PlayWrightDemo" finished-at="2022-11-24T17:06:02 IST" duration-ms="18870">
      <class name="com.qa.opencart.tests.HomePageTest">
        <test-method is-config="true" signature="setUp()[pri:0, instance:com.qa.opencart.tests.HomePageTest@4c402120]" started-at="2022-11-24T17:05:43 IST" name="setUp" finished-at="2022-11-24T17:06:00 IST" duration-ms="16781" status="PASS">
          <reporter-output>
          </reporter-output>
        </test-method> <!-- setUp -->
        <test-method signature="homePageTitleTest()[pri:0, instance:com.qa.opencart.tests.HomePageTest@4c402120]" started-at="2022-11-24T17:06:00 IST" name="homePageTitleTest" finished-at="2022-11-24T17:06:00 IST" duration-ms="45" status="PASS">
          <reporter-output>
          </reporter-output>
        </test-method> <!-- homePageTitleTest -->
        <test-method signature="homePageUrlTest()[pri:0, instance:com.qa.opencart.tests.HomePageTest@4c402120]" started-at="2022-11-24T17:06:00 IST" name="homePageUrlTest" finished-at="2022-11-24T17:06:00 IST" duration-ms="5" status="PASS">
          <reporter-output>
          </reporter-output>
        </test-method> <!-- homePageUrlTest -->
        <test-method signature="searchTest()[pri:0, instance:com.qa.opencart.tests.HomePageTest@4c402120]" started-at="2022-11-24T17:06:00 IST" name="searchTest" finished-at="2022-11-24T17:06:01 IST" duration-ms="1283" status="PASS">
          <reporter-output>
          </reporter-output>
        </test-method> <!-- searchTest -->
        <test-method is-config="true" signature="tearDown()[pri:0, instance:com.qa.opencart.tests.HomePageTest@4c402120]" started-at="2022-11-24T17:06:01 IST" name="tearDown" finished-at="2022-11-24T17:06:02 IST" duration-ms="582" status="PASS">
          <reporter-output>
          </reporter-output>
        </test-method> <!-- tearDown -->
      </class> <!-- com.qa.opencart.tests.HomePageTest -->
    </test> <!-- PlayWrightDemo -->
  </suite> <!-- Default Suite -->
</testng-results>
